2022-06-22 11:31:15.602[main]DEBUGcom.imooc.dao.LocalAuthDao.insertLocalAuth-==>  Preparing: INSERT INTO tb_local_auth(username,password,user_id,create_time,last_edit_time) VALUES (?,?,?,?,?) 
2022-06-22 11:31:15.637[main]DEBUGcom.imooc.dao.LocalAuthDao.insertLocalAuth-==> Parameters: testusername(String), testpassword(String), 1(Long), 2022-06-22 11:31:15.312(Timestamp), null
2022-06-22 11:31:15.657[main]DEBUGcom.imooc.dao.LocalAuthDao.insertLocalAuth-<==    Updates: 1
2022-06-22 11:40:01.110[main]DEBUGc.i.dao.LocalAuthDao.queryLocalByUserNameAndPwd-==>  Preparing: SELECT l.local_auth_id, l.username, l.password, l.create_time, l.last_edit_time, p.user_id, p.name, p.gender, p.email, p.profile_img, p.user_type, p.create_time, p.last_edit_time, p.enable_status FROM tb_local_auth l LEFT JOIN tb_person_info p ON l.user_id = p.user_id WHERE l.username = ? AND l.password = ? 
2022-06-22 11:40:01.144[main]DEBUGc.i.dao.LocalAuthDao.queryLocalByUserNameAndPwd-==> Parameters: testusername(String), testpassword(String)
2022-06-22 11:45:03.011[main]DEBUGc.i.dao.LocalAuthDao.queryLocalByUserNameAndPwd-==>  Preparing: SELECT l.local_auth_id, l.username, l.password, l.create_time, l.last_edit_time, p.user_id, p.name, p.gender, p.email, p.profile_img, p.user_type, p.create_time, p.last_edit_time, p.enable_status FROM tb_local_auth l LEFT JOIN tb_person_info p ON l.user_id = p.user_id WHERE l.username = ? AND l.password = ? 
2022-06-22 11:45:03.039[main]DEBUGc.i.dao.LocalAuthDao.queryLocalByUserNameAndPwd-==> Parameters: testusername(String), testpassword(String)
2022-06-22 11:47:44.324[main]DEBUGc.i.dao.LocalAuthDao.queryLocalByUserNameAndPwd-==>  Preparing: SELECT l.local_auth_id, l.username, l.password, l.create_time, l.last_edit_time, p.user_id, p.name, p.gender, p.email, p.profile_img, p.user_type, p.create_time, p.last_edit_time, p.enable_status FROM tb_local_auth l LEFT JOIN tb_person_info p ON l.user_id = p.user_id WHERE l.username = ? AND l.password = ? 
2022-06-22 11:47:44.355[main]DEBUGc.i.dao.LocalAuthDao.queryLocalByUserNameAndPwd-==> Parameters: testusername(String), testpassword(String)
2022-06-22 11:49:24.577[main]DEBUGc.i.dao.LocalAuthDao.queryLocalByUserNameAndPwd-==>  Preparing: SELECT l.local_auth_id, l.username, l.password, l.create_time, l.last_edit_time, p.user_id, p.name, p.gender, p.email, p.profile_img, p.user_type, p.create_time, p.last_edit_time, p.enable_status FROM tb_local_auth l LEFT JOIN tb_person_info p ON l.user_id = p.user_id WHERE l.username = ? AND l.password = ? 
2022-06-22 11:49:24.607[main]DEBUGc.i.dao.LocalAuthDao.queryLocalByUserNameAndPwd-==> Parameters: testusername(String), testpassword(String)
2022-06-22 11:49:24.630[main]DEBUGc.i.dao.LocalAuthDao.queryLocalByUserNameAndPwd-<==      Total: 1
2022-06-22 15:37:47.820[main]DEBUGcom.imooc.dao.LocalAuthDao.queryLocalByUserId-==>  Preparing: SELECT l.local_auth_id, l.username, l.password, l.create_time, l.last_edit_time, p.user_id, p.name, p.gender, p.email, p.profile_img, p.user_type, p.create_time, p.last_edit_time, p.enable_status FROM tb_local_auth l LEFT JOIN tb_person_info p ON l.user_id = p.user_id WHERE l.user_id = ? 
2022-06-22 15:37:47.851[main]DEBUGcom.imooc.dao.LocalAuthDao.queryLocalByUserId-==> Parameters: 1(Long)
2022-06-22 15:37:47.881[main]DEBUGcom.imooc.dao.LocalAuthDao.queryLocalByUserId-<==      Total: 1
2022-06-22 15:45:50.654[main]DEBUGcom.imooc.dao.LocalAuthDao.updateLocalAuth-==>  Preparing: update tb_local_auth SET password=?, last_edit_time=? where user_id=? AND username=? AND password=? 
2022-06-22 15:45:50.685[main]DEBUGcom.imooc.dao.LocalAuthDao.updateLocalAuth-==> Parameters: testpasswordnew(String), 2022-06-22 15:45:50.345(Timestamp), 1(Long), testusername(String), testpassword(String)
2022-06-22 15:45:50.707[main]DEBUGcom.imooc.dao.LocalAuthDao.updateLocalAuth-<==    Updates: 1
2022-06-22 15:45:50.710[main]DEBUGcom.imooc.dao.LocalAuthDao.queryLocalByUserId-==>  Preparing: SELECT l.local_auth_id, l.username, l.password, l.create_time, l.last_edit_time, p.user_id, p.name, p.gender, p.email, p.profile_img, p.user_type, p.create_time, p.last_edit_time, p.enable_status FROM tb_local_auth l LEFT JOIN tb_person_info p ON l.user_id = p.user_id WHERE l.user_id = ? 
2022-06-22 15:45:50.711[main]DEBUGcom.imooc.dao.LocalAuthDao.queryLocalByUserId-==> Parameters: 1(Long)
2022-06-22 15:45:50.732[main]DEBUGcom.imooc.dao.LocalAuthDao.queryLocalByUserId-<==      Total: 1
2022-06-22 18:04:42.237[main]DEBUGcom.imooc.dao.LocalAuthDao.queryLocalByUserId-==>  Preparing: SELECT l.local_auth_id, l.username, l.password, l.create_time, l.last_edit_time, p.user_id, p.name, p.gender, p.email, p.profile_img, p.user_type, p.create_time, p.last_edit_time, p.enable_status FROM tb_local_auth l LEFT JOIN tb_person_info p ON l.user_id = p.user_id WHERE l.user_id = ? 
2022-06-22 18:04:42.265[main]DEBUGcom.imooc.dao.LocalAuthDao.queryLocalByUserId-==> Parameters: 1(Long)
2022-06-22 18:04:42.290[main]DEBUGcom.imooc.dao.LocalAuthDao.queryLocalByUserId-<==      Total: 1
2022-06-22 18:05:34.469[main]DEBUGcom.imooc.dao.LocalAuthDao.queryLocalByUserId-==>  Preparing: SELECT l.local_auth_id, l.username, l.password, l.create_time, l.last_edit_time, p.user_id, p.name, p.gender, p.email, p.profile_img, p.user_type, p.create_time, p.last_edit_time, p.enable_status FROM tb_local_auth l LEFT JOIN tb_person_info p ON l.user_id = p.user_id WHERE l.user_id = ? 
2022-06-22 18:05:34.492[main]DEBUGcom.imooc.dao.LocalAuthDao.queryLocalByUserId-==> Parameters: 2(Long)
2022-06-22 18:05:34.514[main]DEBUGcom.imooc.dao.LocalAuthDao.queryLocalByUserId-<==      Total: 0
2022-06-22 18:05:34.521[main]DEBUGcom.imooc.dao.LocalAuthDao.insertLocalAuth-==>  Preparing: INSERT INTO tb_local_auth(username,password,user_id,create_time,last_edit_time) VALUES (?,?,?,?,?) 
2022-06-22 18:05:34.524[main]DEBUGcom.imooc.dao.LocalAuthDao.insertLocalAuth-==> Parameters: testusername(String), s06l5bl5s05602ly2syls6556q56sb6e(String), 2(Long), 2022-06-22 18:05:34.519(Timestamp), 2022-06-22 18:05:34.519(Timestamp)
2022-06-22 18:08:04.252[main]DEBUGcom.imooc.dao.LocalAuthDao.queryLocalByUserId-==>  Preparing: SELECT l.local_auth_id, l.username, l.password, l.create_time, l.last_edit_time, p.user_id, p.name, p.gender, p.email, p.profile_img, p.user_type, p.create_time, p.last_edit_time, p.enable_status FROM tb_local_auth l LEFT JOIN tb_person_info p ON l.user_id = p.user_id WHERE l.user_id = ? 
2022-06-22 18:08:04.277[main]DEBUGcom.imooc.dao.LocalAuthDao.queryLocalByUserId-==> Parameters: 1(Long)
2022-06-22 18:08:04.298[main]DEBUGcom.imooc.dao.LocalAuthDao.queryLocalByUserId-<==      Total: 0
2022-06-22 18:08:04.303[main]DEBUGcom.imooc.dao.LocalAuthDao.insertLocalAuth-==>  Preparing: INSERT INTO tb_local_auth(username,password,user_id,create_time,last_edit_time) VALUES (?,?,?,?,?) 
2022-06-22 18:08:04.307[main]DEBUGcom.imooc.dao.LocalAuthDao.insertLocalAuth-==> Parameters: testusername(String), s06l5bl5s05602ly2syls6556q56sb6e(String), 1(Long), 2022-06-22 18:08:04.302(Timestamp), 2022-06-22 18:08:04.302(Timestamp)
2022-06-22 18:08:04.321[main]DEBUGcom.imooc.dao.LocalAuthDao.insertLocalAuth-<==    Updates: 1
2022-06-22 18:08:04.330[main]DEBUGcom.imooc.dao.LocalAuthDao.queryLocalByUserId-==>  Preparing: SELECT l.local_auth_id, l.username, l.password, l.create_time, l.last_edit_time, p.user_id, p.name, p.gender, p.email, p.profile_img, p.user_type, p.create_time, p.last_edit_time, p.enable_status FROM tb_local_auth l LEFT JOIN tb_person_info p ON l.user_id = p.user_id WHERE l.user_id = ? 
2022-06-22 18:08:04.330[main]DEBUGcom.imooc.dao.LocalAuthDao.queryLocalByUserId-==> Parameters: 1(Long)
2022-06-22 18:08:04.333[main]DEBUGcom.imooc.dao.LocalAuthDao.queryLocalByUserId-<==      Total: 1
2022-06-22 18:42:31.178[main]DEBUGcom.imooc.dao.LocalAuthDao.updateLocalAuth-==>  Preparing: update tb_local_auth SET password=?, last_edit_time=? where user_id=? AND username=? AND password=? 
2022-06-22 18:42:31.200[main]DEBUGcom.imooc.dao.LocalAuthDao.updateLocalAuth-==> Parameters: 6559sq606y6l92e9ss5qsqb5q92e566b(String), 2022-06-22 18:42:31.138(Timestamp), 1(Long), testusername(String), s06l5bl5s05602ly2syls6556q56sb6e(String)
2022-06-22 18:42:31.216[main]DEBUGcom.imooc.dao.LocalAuthDao.updateLocalAuth-<==    Updates: 1
2022-06-22 18:42:31.224[main]DEBUGc.i.dao.LocalAuthDao.queryLocalByUserNameAndPwd-==>  Preparing: SELECT l.local_auth_id, l.username, l.password, l.create_time, l.last_edit_time, p.user_id, p.name, p.gender, p.email, p.profile_img, p.user_type, p.create_time, p.last_edit_time, p.enable_status FROM tb_local_auth l LEFT JOIN tb_person_info p ON l.user_id = p.user_id WHERE l.username = ? AND l.password = ? 
2022-06-22 18:42:31.224[main]DEBUGc.i.dao.LocalAuthDao.queryLocalByUserNameAndPwd-==> Parameters: testusername(String), 6559sq606y6l92e9ss5qsqb5q92e566b(String)
2022-06-22 18:42:31.246[main]DEBUGc.i.dao.LocalAuthDao.queryLocalByUserNameAndPwd-<==      Total: 1
